<?xml version="1.0" encoding="UTF-8"?>
<!-- Generated by org.testng.reporters.JUnitReportReporter -->
<testsuite hostname="IND-23A" name="sobet.com.smokingtest.Sobet_02_login_logout" tests="1" failures="0" timestamp="24 Nov 2015 08:50:07 GMT" time="0.003" errors="0">
  <testcase name="testCase" time="0.003" classname="sobet.com.smokingtest.Sobet_02_login_logout"/>
</testsuite> <!-- sobet.com.smokingtest.Sobet_02_login_logout -->
