<?xml version="1.0" encoding="UTF-8"?>
<!-- Generated by org.testng.reporters.JUnitReportReporter -->
<testsuite hostname="IND-23A" name="sobet.com.smokingtest.Sobet_02_login_logout" tests="1" failures="0" timestamp="24 Nov 2015 07:03:26 GMT" time="15.089" errors="0">
  <testcase name="testCase" time="15.089" classname="sobet.com.smokingtest.Sobet_02_login_logout"/>
</testsuite> <!-- sobet.com.smokingtest.Sobet_02_login_logout -->
